[2026-03-24 11:40:20.638464] Trigger detectado: concluido | ID: 143 | Email: lmateusalvesluna@gmail.com | Nome: karol
[2026-03-24 11:40:20.639104] Iniciando envio para lmateusalvesluna@gmail.com...
[2026-03-24 13:24:34.208293] Trigger detectado: concluido | ID: 144 | Email: lmateusalvesluna@gmail.com | Nome: maria
[2026-03-24 13:24:34.209020] Iniciando envio para lmateusalvesluna@gmail.com...
[2026-03-24 13:24:34.209330] Conectando ao host antispamout.ati.pe.gov.br:587...
[2026-03-24 13:24:34.215908] Iniciando STARTTLS...
[2026-03-24 13:24:34.221615] Fazendo login como dgiis.ses...
[2026-03-24 13:24:34.224912] Enviando mensagem...
[2026-03-24 13:24:34.235764] E-mail enviado com SUCESSO para lmateusalvesluna@gmail.com.
[2026-03-26 14:21:41.739137] Trigger detectado: concluido | ID: 145 | Email: tjswilliams2016@gmail.com | Nome: will
[2026-03-26 14:21:41.740651] Iniciando envio para tjswilliams2016@gmail.com...
[2026-03-26 14:21:41.741213] Conectando ao host antispamout.ati.pe.gov.br:587...
[2026-03-26 14:21:41.747612] Iniciando STARTTLS...
[2026-03-26 14:21:41.755796] Fazendo login como dgiis.ses...
[2026-03-26 14:21:41.760377] Enviando mensagem...
[2026-03-26 14:21:41.776399] E-mail enviado com SUCESSO para tjswilliams2016@gmail.com.
[2026-03-27 15:24:42.883097] Trigger detectado: concluido | ID: 149 | Email: seuemail@gmail.com | Nome: vitor 
[2026-03-27 15:24:42.884428] Iniciando envio para seuemail@gmail.com...
[2026-03-27 15:24:42.884800] Conectando ao host antispamout.ati.pe.gov.br:587...
[2026-03-27 15:24:42.993694] Iniciando STARTTLS...
[2026-03-27 15:24:43.042919] Fazendo login como dgiis.ses...
[2026-03-27 15:24:43.089093] Enviando mensagem...
[2026-03-27 15:24:43.622685] E-mail enviado com SUCESSO para seuemail@gmail.com.
[2026-03-27 15:31:29.227814] Trigger detectado: concluido | ID: 150 | Email: seuemail@gmail.com | Nome: vitor 
[2026-03-27 15:31:29.228598] Iniciando envio para seuemail@gmail.com...
[2026-03-27 15:31:29.228978] Conectando ao host antispamout.ati.pe.gov.br:587...
[2026-03-27 15:31:29.313930] Iniciando STARTTLS...
[2026-03-27 15:31:29.341137] Fazendo login como dgiis.ses...
[2026-03-27 15:31:29.374775] Enviando mensagem...
[2026-03-27 15:31:29.406644] E-mail enviado com SUCESSO para seuemail@gmail.com.
[2026-03-27 15:37:37.671924] Trigger detectado: concluido | ID: 151 | Email: seuemail@gmail.com | Nome: vitor 
[2026-03-27 15:37:37.672741] Iniciando envio para seuemail@gmail.com...
[2026-03-27 15:37:37.673268] Conectando ao host antispamout.ati.pe.gov.br:587...
[2026-03-27 15:37:37.716575] Iniciando STARTTLS...
[2026-03-27 15:37:37.875437] Fazendo login como dgiis.ses...
[2026-03-27 15:37:37.897641] Enviando mensagem...
[2026-03-27 15:37:37.933552] E-mail enviado com SUCESSO para seuemail@gmail.com.
[2026-03-27 15:40:49.894155] Trigger detectado: concluido | ID: 152 | Email: seuemail@gmail.com | Nome: vitor 
[2026-03-27 15:40:49.894807] Iniciando envio para seuemail@gmail.com...
[2026-03-27 15:40:49.895213] Conectando ao host antispamout.ati.pe.gov.br:587...
[2026-03-27 15:40:49.970760] Iniciando STARTTLS...
[2026-03-27 15:40:49.979578] Fazendo login como dgiis.ses...
[2026-03-27 15:40:49.991627] Enviando mensagem...
[2026-03-27 15:40:50.011075] E-mail enviado com SUCESSO para seuemail@gmail.com.
[2026-03-27 15:44:37.005671] Trigger detectado: concluido | ID: 153 | Email: seuemail@gmail.com | Nome: vitor 
[2026-03-27 15:44:37.006301] Iniciando envio para seuemail@gmail.com...
[2026-03-27 15:44:37.006646] Conectando ao host antispamout.ati.pe.gov.br:587...
[2026-03-27 15:44:37.013186] Iniciando STARTTLS...
[2026-03-27 15:44:37.023830] Fazendo login como dgiis.ses...
[2026-03-27 15:44:37.034952] Enviando mensagem...
[2026-03-27 15:44:37.059050] E-mail enviado com SUCESSO para seuemail@gmail.com.
[2026-03-27 15:55:46.559339] Trigger detectado: concluido | ID: 154 | Email: seuemail@gmail.com | Nome: vitor 
[2026-03-27 15:55:46.560259] Iniciando envio para seuemail@gmail.com...
[2026-03-27 15:55:46.560733] Conectando ao host antispamout.ati.pe.gov.br:587...
[2026-03-27 15:55:46.567860] Iniciando STARTTLS...
[2026-03-27 15:55:46.576101] Fazendo login como dgiis.ses...
[2026-03-27 15:55:46.583710] Enviando mensagem...
[2026-03-27 15:55:46.602334] E-mail enviado com SUCESSO para seuemail@gmail.com.
[2026-03-27 16:01:49.556041] Trigger detectado: concluido | ID: 155 | Email: seuemail@gmail.com | Nome: vitor 
[2026-03-27 16:01:49.556737] Iniciando envio para seuemail@gmail.com...
[2026-03-27 16:01:49.557090] Conectando ao host antispamout.ati.pe.gov.br:587...
[2026-03-27 16:01:49.656545] Iniciando STARTTLS...
[2026-03-27 16:01:49.695176] Fazendo login como dgiis.ses...
[2026-03-27 16:01:49.706354] Enviando mensagem...
[2026-03-27 16:01:49.822856] E-mail enviado com SUCESSO para seuemail@gmail.com.
[2026-03-27 16:08:52.516016] Trigger detectado: concluido | ID: 156 | Email: seuemail@gmail.com | Nome: vitor 
[2026-03-27 16:08:52.516848] Iniciando envio para seuemail@gmail.com...
[2026-03-27 16:08:52.517348] Conectando ao host antispamout.ati.pe.gov.br:587...
[2026-03-27 16:08:52.604279] Iniciando STARTTLS...
[2026-03-27 16:08:52.641221] Fazendo login como dgiis.ses...
[2026-03-27 16:08:52.666728] Enviando mensagem...
[2026-03-27 16:08:52.700070] E-mail enviado com SUCESSO para seuemail@gmail.com.
[2026-03-27 16:17:42.045595] Trigger detectado: concluido | ID: 157 | Email: seuemail@gmail.com | Nome: vitor 
[2026-03-27 16:17:42.046267] Iniciando envio para seuemail@gmail.com...
[2026-03-27 16:17:42.046672] Conectando ao host antispamout.ati.pe.gov.br:587...
[2026-03-27 16:17:42.081018] Iniciando STARTTLS...
[2026-03-27 16:17:42.104861] Fazendo login como dgiis.ses...
[2026-03-27 16:17:42.121116] Enviando mensagem...
[2026-03-27 16:17:42.153808] E-mail enviado com SUCESSO para seuemail@gmail.com.
[2026-03-27 16:23:19.281509] Trigger detectado: concluido | ID: 158 | Email: seuemail@gmail.com | Nome: vitor 
[2026-03-27 16:23:19.282246] Iniciando envio para seuemail@gmail.com...
[2026-03-27 16:23:19.282600] Conectando ao host antispamout.ati.pe.gov.br:587...
[2026-03-27 16:23:19.288458] Iniciando STARTTLS...
[2026-03-27 16:23:19.294504] Fazendo login como dgiis.ses...
[2026-03-27 16:23:19.307919] Enviando mensagem...
[2026-03-27 16:23:19.351727] E-mail enviado com SUCESSO para seuemail@gmail.com.
[2026-03-27 16:27:06.747365] Trigger detectado: concluido | ID: 159 | Email: seuemail@gmail.com | Nome: vitor 
[2026-03-27 16:27:06.748049] Iniciando envio para seuemail@gmail.com...
[2026-03-27 16:27:06.748461] Conectando ao host antispamout.ati.pe.gov.br:587...
[2026-03-27 16:27:06.819800] Iniciando STARTTLS...
[2026-03-27 16:27:06.824663] Fazendo login como dgiis.ses...
[2026-03-27 16:27:06.827561] Enviando mensagem...
[2026-03-27 16:27:06.837302] E-mail enviado com SUCESSO para seuemail@gmail.com.
[2026-03-30 14:25:32.484379] Trigger detectado: concluido | ID: 160 | Email: rintaroalves@gmail.com | Nome: allyson
[2026-03-30 14:25:32.485089] Iniciando envio para rintaroalves@gmail.com...
[2026-03-30 14:25:32.485459] Conectando ao host antispamout.ati.pe.gov.br:587...
[2026-03-30 14:25:32.525703] Iniciando STARTTLS...
[2026-03-30 14:25:32.558272] Fazendo login como dgiis.ses...
[2026-03-30 14:25:32.643269] Enviando mensagem...
[2026-03-30 14:25:32.694772] E-mail enviado com SUCESSO para rintaroalves@gmail.com.
[2026-03-30 14:33:36.395797] Trigger detectado: concluido | ID: 161 | Email: lmateusalvesluna@gmail.com | Nome: tania
[2026-03-30 14:33:36.396551] Iniciando envio para lmateusalvesluna@gmail.com...
[2026-03-30 14:33:36.396928] Conectando ao host antispamout.ati.pe.gov.br:587...
[2026-03-30 14:33:36.406854] Iniciando STARTTLS...
[2026-03-30 14:33:36.428539] Fazendo login como dgiis.ses...
[2026-03-30 14:33:36.437321] Enviando mensagem...
[2026-03-30 14:33:36.466139] E-mail enviado com SUCESSO para lmateusalvesluna@gmail.com.
[2026-03-30 16:13:49.790452] Trigger detectado: concluido | ID: 162 | Email: seuemail@gmail.com | Nome: vitor 
[2026-03-30 16:13:49.791248] Iniciando envio para seuemail@gmail.com...
[2026-03-30 16:13:49.791723] Conectando ao host antispamout.ati.pe.gov.br:587...
[2026-03-30 16:13:49.839956] Iniciando STARTTLS...
[2026-03-30 16:13:49.869173] Fazendo login como dgiis.ses...
[2026-03-30 16:13:50.150457] Enviando mensagem...
[2026-03-30 16:13:50.172875] E-mail enviado com SUCESSO para seuemail@gmail.com.
[2026-03-30 16:17:32.802392] Trigger detectado: concluido | ID: 163 | Email: seuemail@gmail.com | Nome: vitor 
[2026-03-30 16:17:32.803007] Iniciando envio para seuemail@gmail.com...
[2026-03-30 16:17:32.803425] Conectando ao host antispamout.ati.pe.gov.br:587...
[2026-03-30 16:17:32.808385] Iniciando STARTTLS...
[2026-03-30 16:17:32.813012] Fazendo login como dgiis.ses...
[2026-03-30 16:17:32.818126] Enviando mensagem...
[2026-03-30 16:17:32.828326] E-mail enviado com SUCESSO para seuemail@gmail.com.
[2026-03-30 16:23:17.301056] Trigger detectado: concluido | ID: 164 | Email: seuemail@gmail.com | Nome: vitor 
[2026-03-30 16:23:17.301933] Iniciando envio para seuemail@gmail.com...
[2026-03-30 16:23:17.302320] Conectando ao host antispamout.ati.pe.gov.br:587...
[2026-03-30 16:23:17.310106] Iniciando STARTTLS...
[2026-03-30 16:23:17.317095] Fazendo login como dgiis.ses...
[2026-03-30 16:23:17.322802] Enviando mensagem...
[2026-03-30 16:23:17.334974] E-mail enviado com SUCESSO para seuemail@gmail.com.
[2026-03-30 16:27:34.202468] Trigger detectado: concluido | ID: 165 | Email: seuemail@gmail.com | Nome: vitor 
[2026-03-30 16:27:34.203100] Iniciando envio para seuemail@gmail.com...
[2026-03-30 16:27:34.203543] Conectando ao host antispamout.ati.pe.gov.br:587...
[2026-03-30 16:27:34.208395] Iniciando STARTTLS...
[2026-03-30 16:27:34.215325] Fazendo login como dgiis.ses...
[2026-03-30 16:27:34.218469] Enviando mensagem...
[2026-03-30 16:27:34.237399] E-mail enviado com SUCESSO para seuemail@gmail.com.
[2026-03-30 16:31:21.415615] Trigger detectado: concluido | ID: 166 | Email: seuemail@gmail.com | Nome: vitor 
[2026-03-30 16:31:21.416293] Iniciando envio para seuemail@gmail.com...
[2026-03-30 16:31:21.416718] Conectando ao host antispamout.ati.pe.gov.br:587...
[2026-03-30 16:31:21.510404] Iniciando STARTTLS...
[2026-03-30 16:31:21.515886] Fazendo login como dgiis.ses...
[2026-03-30 16:31:21.520292] Enviando mensagem...
[2026-03-30 16:31:21.536907] E-mail enviado com SUCESSO para seuemail@gmail.com.
[2026-03-30 16:35:10.401725] Trigger detectado: concluido | ID: 167 | Email: seuemail@gmail.com | Nome: vitor 
[2026-03-30 16:35:10.402460] Iniciando envio para seuemail@gmail.com...
[2026-03-30 16:35:10.402976] Conectando ao host antispamout.ati.pe.gov.br:587...
[2026-03-30 16:35:10.409213] Iniciando STARTTLS...
[2026-03-30 16:35:10.415133] Fazendo login como dgiis.ses...
[2026-03-30 16:35:10.420021] Enviando mensagem...
[2026-03-30 16:35:10.435947] E-mail enviado com SUCESSO para seuemail@gmail.com.
[2026-03-30 16:37:40.664814] Trigger detectado: concluido | ID: 168 | Email: seuemail@gmail.com | Nome: vitor 
[2026-03-30 16:37:40.665489] Iniciando envio para seuemail@gmail.com...
[2026-03-30 16:37:40.665958] Conectando ao host antispamout.ati.pe.gov.br:587...
[2026-03-30 16:37:40.669989] Iniciando STARTTLS...
[2026-03-30 16:37:40.674850] Fazendo login como dgiis.ses...
[2026-03-30 16:37:40.678086] Enviando mensagem...
[2026-03-30 16:37:40.692760] E-mail enviado com SUCESSO para seuemail@gmail.com.
[2026-03-30 16:40:17.397060] Trigger detectado: concluido | ID: 169 | Email: seuemail@gmail.com | Nome: vitor 
[2026-03-30 16:40:17.397690] Iniciando envio para seuemail@gmail.com...
[2026-03-30 16:40:17.398093] Conectando ao host antispamout.ati.pe.gov.br:587...
[2026-03-30 16:40:17.402967] Iniciando STARTTLS...
[2026-03-30 16:40:17.407959] Fazendo login como dgiis.ses...
[2026-03-30 16:40:17.410498] Enviando mensagem...
[2026-03-30 16:40:17.420997] E-mail enviado com SUCESSO para seuemail@gmail.com.
[2026-03-30 16:45:23.292114] Trigger detectado: concluido | ID: 170 | Email: seuemail@gmail.com | Nome: vitor 
[2026-03-30 16:45:23.292790] Iniciando envio para seuemail@gmail.com...
[2026-03-30 16:45:23.293196] Conectando ao host antispamout.ati.pe.gov.br:587...
[2026-03-30 16:45:23.298575] Iniciando STARTTLS...
[2026-03-30 16:45:23.304341] Fazendo login como dgiis.ses...
[2026-03-30 16:45:23.307752] Enviando mensagem...
[2026-03-30 16:45:23.321623] E-mail enviado com SUCESSO para seuemail@gmail.com.
[2026-03-31 16:06:14.485339] Trigger detectado: concluido | ID: 171 | Email: seuemail@gmail.com | Nome: vitor 
[2026-03-31 16:06:14.485990] Iniciando envio para seuemail@gmail.com...
[2026-03-31 16:06:14.486405] Conectando ao host antispamout.ati.pe.gov.br:587...
[2026-03-31 16:06:14.490774] Iniciando STARTTLS...
[2026-03-31 16:06:14.496725] Fazendo login como dgiis.ses...
[2026-03-31 16:06:14.502135] Enviando mensagem...
[2026-03-31 16:06:14.515619] E-mail enviado com SUCESSO para seuemail@gmail.com.
[2026-03-31 16:14:27.928351] Trigger detectado: concluido | ID: 172 | Email: seuemail@gmail.com | Nome: vitor
[2026-03-31 16:14:27.929192] Iniciando envio para seuemail@gmail.com...
[2026-03-31 16:14:27.929594] Conectando ao host antispamout.ati.pe.gov.br:587...
[2026-03-31 16:14:28.005237] Iniciando STARTTLS...
[2026-03-31 16:14:28.010252] Fazendo login como dgiis.ses...
[2026-03-31 16:14:28.019479] Enviando mensagem...
[2026-03-31 16:14:28.028446] E-mail enviado com SUCESSO para seuemail@gmail.com.
[2026-03-31 16:22:51.584549] Trigger detectado: concluido | ID: 173 | Email: seuemail@gmail.com | Nome: vitor
[2026-03-31 16:22:51.585190] Iniciando envio para seuemail@gmail.com...
[2026-03-31 16:22:51.585607] Conectando ao host antispamout.ati.pe.gov.br:587...
[2026-03-31 16:22:51.613927] Iniciando STARTTLS...
[2026-03-31 16:22:51.619117] Fazendo login como dgiis.ses...
[2026-03-31 16:22:51.621440] Enviando mensagem...
[2026-03-31 16:22:51.632440] E-mail enviado com SUCESSO para seuemail@gmail.com.
[2026-03-31 16:26:39.137624] Trigger detectado: concluido | ID: 174 | Email: seuemail@gmail.com | Nome: vitor
[2026-03-31 16:26:39.138586] Iniciando envio para seuemail@gmail.com...
[2026-03-31 16:26:39.139239] Conectando ao host antispamout.ati.pe.gov.br:587...
[2026-03-31 16:26:39.143622] Iniciando STARTTLS...
[2026-03-31 16:26:39.148872] Fazendo login como dgiis.ses...
[2026-03-31 16:26:39.151544] Enviando mensagem...
[2026-03-31 16:26:39.162691] E-mail enviado com SUCESSO para seuemail@gmail.com.
[2026-03-31 16:29:50.358907] Trigger detectado: concluido | ID: 175 | Email: seuemail@gmail.com | Nome: vitor
[2026-03-31 16:29:50.359596] Iniciando envio para seuemail@gmail.com...
[2026-03-31 16:29:50.360016] Conectando ao host antispamout.ati.pe.gov.br:587...
[2026-03-31 16:29:50.489374] Iniciando STARTTLS...
[2026-03-31 16:29:50.496631] Fazendo login como dgiis.ses...
[2026-03-31 16:29:50.500208] Enviando mensagem...
[2026-03-31 16:29:50.514537] E-mail enviado com SUCESSO para seuemail@gmail.com.
[2026-03-31 16:34:42.088380] Trigger detectado: concluido | ID: 176 | Email: seuemail@gmail.com | Nome: vitor
[2026-03-31 16:34:42.089250] Iniciando envio para seuemail@gmail.com...
[2026-03-31 16:34:42.089730] Conectando ao host antispamout.ati.pe.gov.br:587...
[2026-03-31 16:34:42.095862] Iniciando STARTTLS...
[2026-03-31 16:34:42.102194] Fazendo login como dgiis.ses...
[2026-03-31 16:34:42.106631] Enviando mensagem...
[2026-03-31 16:34:42.120814] E-mail enviado com SUCESSO para seuemail@gmail.com.
[2026-03-31 16:37:29.544833] Trigger detectado: concluido | ID: 177 | Email: seuemail@gmail.com | Nome: vitor
[2026-03-31 16:37:29.545601] Iniciando envio para seuemail@gmail.com...
[2026-03-31 16:37:29.546053] Conectando ao host antispamout.ati.pe.gov.br:587...
[2026-03-31 16:37:29.664627] Iniciando STARTTLS...
[2026-03-31 16:37:29.685595] Fazendo login como dgiis.ses...
[2026-03-31 16:37:29.726364] Enviando mensagem...
[2026-03-31 16:37:29.809438] E-mail enviado com SUCESSO para seuemail@gmail.com.
[2026-03-31 16:44:22.293924] Trigger detectado: concluido | ID: 178 | Email: seuemail@gmail.com | Nome: vitor
[2026-03-31 16:44:22.294554] Iniciando envio para seuemail@gmail.com...
[2026-03-31 16:44:22.294933] Conectando ao host antispamout.ati.pe.gov.br:587...
[2026-03-31 16:44:22.299017] Iniciando STARTTLS...
[2026-03-31 16:44:22.303861] Fazendo login como dgiis.ses...
[2026-03-31 16:44:22.307186] Enviando mensagem...
[2026-03-31 16:44:22.321391] E-mail enviado com SUCESSO para seuemail@gmail.com.
[2026-04-09 16:47:55.485929] Trigger detectado: concluido | ID: 179 | Email: None | Nome: MARIA ACLECIANA DA SILVA
[2026-04-09 16:52:04.451017] Trigger detectado: concluido | ID: 180 | Email: None | Nome: JULIANA PEIXOTO DA SILVA
[2026-04-10 09:15:33.943979] Trigger detectado: concluido | ID: 182 | Email: laura.varela@saude.pe.gov.br | Nome: Laura Beatriz
[2026-04-10 09:15:33.953158] Iniciando envio para laura.varela@saude.pe.gov.br...
[2026-04-10 09:15:33.972861] Conectando ao host antispamout.ati.pe.gov.br:587...
[2026-04-10 09:15:34.083133] Iniciando STARTTLS...
[2026-04-10 09:15:34.103513] Fazendo login como dgiis.ses...
[2026-04-10 09:15:34.118608] Enviando mensagem...
[2026-04-10 09:15:34.175219] E-mail enviado com SUCESSO para laura.varela@saude.pe.gov.br.
[2026-04-10 11:53:11.692823] Trigger detectado: concluido | ID: 188 | Email: ABDIASDINIZ@GMAIL.COM | Nome: ABDIAS PEREIRA DINIZ NETO
[2026-04-10 11:53:11.694068] Iniciando envio para ABDIASDINIZ@GMAIL.COM...
[2026-04-10 11:53:11.694492] Conectando ao host antispamout.ati.pe.gov.br:587...
[2026-04-10 11:53:11.777628] Iniciando STARTTLS...
[2026-04-10 11:53:11.786871] Fazendo login como dgiis.ses...
[2026-04-10 11:53:11.793323] Enviando mensagem...
[2026-04-10 11:53:11.802839] E-mail enviado com SUCESSO para ABDIASDINIZ@GMAIL.COM.
[2026-04-10 13:07:27.915975] Trigger detectado: concluido | ID: 189 | Email: ADEMISAUGUSTO@HOTMAIL.COM | Nome: ADEMIS AUGUSTO BEZERRA
[2026-04-10 13:07:27.917173] Iniciando envio para ADEMISAUGUSTO@HOTMAIL.COM...
[2026-04-10 13:07:27.917570] Conectando ao host antispamout.ati.pe.gov.br:587...
[2026-04-10 13:07:28.006750] Iniciando STARTTLS...
[2026-04-10 13:07:28.018924] Fazendo login como dgiis.ses...
[2026-04-10 13:07:28.028368] Enviando mensagem...
[2026-04-10 13:07:28.043027] E-mail enviado com SUCESSO para ADEMISAUGUSTO@HOTMAIL.COM.
[2026-04-10 13:15:32.641523] Trigger detectado: concluido | ID: 190 | Email: ADEMISAUGUSTO@HOTMAIL.COM | Nome: ADEMIS AUGUSTO BEZERRA
[2026-04-10 13:15:32.642576] Iniciando envio para ADEMISAUGUSTO@HOTMAIL.COM...
[2026-04-10 13:15:32.642855] Conectando ao host antispamout.ati.pe.gov.br:587...
[2026-04-10 13:15:32.646875] Iniciando STARTTLS...
[2026-04-10 13:15:32.652345] Fazendo login como dgiis.ses...
[2026-04-10 13:15:32.655185] Enviando mensagem...
[2026-04-10 13:15:32.673293] E-mail enviado com SUCESSO para ADEMISAUGUSTO@HOTMAIL.COM.
[2026-04-10 13:16:34.642292] Trigger detectado: concluido | ID: 191 | Email: HABIANAFELIXFELIX@GMAIL.COM | Nome: ABIANA FELIX DA SILVA SALES
[2026-04-10 13:16:34.643102] Iniciando envio para HABIANAFELIXFELIX@GMAIL.COM...
[2026-04-10 13:16:34.643488] Conectando ao host antispamout.ati.pe.gov.br:587...
[2026-04-10 13:16:34.653203] Iniciando STARTTLS...
[2026-04-10 13:16:34.669487] Fazendo login como dgiis.ses...
[2026-04-10 13:16:34.680284] Enviando mensagem...
[2026-04-10 13:16:34.745967] E-mail enviado com SUCESSO para HABIANAFELIXFELIX@GMAIL.COM.
[2026-04-10 13:39:19.130860] Trigger detectado: concluido | ID: 193 | Email: ADEMISAUGUSTO@HOTMAIL.COM | Nome: ADEMIS AUGUSTO BEZERRA
[2026-04-10 13:39:19.131971] Iniciando envio para ADEMISAUGUSTO@HOTMAIL.COM...
[2026-04-10 13:39:19.132334] Conectando ao host antispamout.ati.pe.gov.br:587...
[2026-04-10 13:39:19.242495] Iniciando STARTTLS...
[2026-04-10 13:39:19.325859] Fazendo login como dgiis.ses...
[2026-04-10 13:39:19.397946] Enviando mensagem...
[2026-04-10 13:39:19.488538] E-mail enviado com SUCESSO para ADEMISAUGUSTO@HOTMAIL.COM.
[2026-04-10 13:42:34.872566] Trigger detectado: concluido | ID: 196 | Email: HABIANAFELIXFELIX@GMAIL.COM | Nome: ABIANA FELIX DA SILVA SALES
[2026-04-10 13:42:34.873214] Iniciando envio para HABIANAFELIXFELIX@GMAIL.COM...
[2026-04-10 13:42:34.873519] Conectando ao host antispamout.ati.pe.gov.br:587...
[2026-04-10 13:42:34.879697] Iniciando STARTTLS...
[2026-04-10 13:42:34.884635] Fazendo login como dgiis.ses...
[2026-04-10 13:42:34.890415] Enviando mensagem...
[2026-04-10 13:42:34.903445] E-mail enviado com SUCESSO para HABIANAFELIXFELIX@GMAIL.COM.
[2026-04-10 15:43:37.181062] Trigger detectado: concluido | ID: 197 | Email: ADEMISAUGUSTO@HOTMAIL.COM | Nome: ADEMIS AUGUSTO BEZERRA
[2026-04-10 15:43:37.182519] Iniciando envio para ADEMISAUGUSTO@HOTMAIL.COM...
[2026-04-10 15:43:37.183489] Conectando ao host antispamout.ati.pe.gov.br:587...
[2026-04-10 15:43:37.328937] Iniciando STARTTLS...
[2026-04-10 15:43:37.353354] Fazendo login como dgiis.ses...
[2026-04-10 15:43:37.360495] Enviando mensagem...
[2026-04-10 15:43:37.389271] E-mail enviado com SUCESSO para ADEMISAUGUSTO@HOTMAIL.COM.
[2026-04-10 15:52:55.041760] Trigger detectado: concluido | ID: 201 | Email: ADEMISAUGUSTO@HOTMAIL.COM | Nome: ADEMIS AUGUSTO BEZERRA
[2026-04-10 15:52:55.042808] Iniciando envio para ADEMISAUGUSTO@HOTMAIL.COM...
[2026-04-10 15:52:55.043229] Conectando ao host antispamout.ati.pe.gov.br:587...
[2026-04-10 15:52:55.048570] Iniciando STARTTLS...
[2026-04-10 15:52:55.074194] Fazendo login como dgiis.ses...
[2026-04-10 15:52:55.086007] Enviando mensagem...
[2026-04-10 15:52:55.115209] E-mail enviado com SUCESSO para ADEMISAUGUSTO@HOTMAIL.COM.
[2026-04-10 16:03:49.610013] Trigger detectado: concluido | ID: 202 | Email: ABANEIDECARMO@HOTMAIL.COM | Nome: ABANEIDE CARMO DOS SANTOS
[2026-04-10 16:03:49.611011] Iniciando envio para ABANEIDECARMO@HOTMAIL.COM...
[2026-04-10 16:03:49.611366] Conectando ao host antispamout.ati.pe.gov.br:587...
[2026-04-10 16:03:49.705260] Iniciando STARTTLS...
[2026-04-10 16:03:49.716495] Fazendo login como dgiis.ses...
[2026-04-10 16:03:49.731850] Enviando mensagem...
[2026-04-10 16:03:49.770527] E-mail enviado com SUCESSO para ABANEIDECARMO@HOTMAIL.COM.
[2026-04-10 16:11:29.909752] Trigger detectado: concluido | ID: 203 | Email: HABIANAFELIXFELIX@GMAIL.COM | Nome: ABIANA FELIX DA SILVA SALES
[2026-04-10 16:11:29.911105] Iniciando envio para HABIANAFELIXFELIX@GMAIL.COM...
[2026-04-10 16:11:29.911505] Conectando ao host antispamout.ati.pe.gov.br:587...
[2026-04-10 16:11:29.916397] Iniciando STARTTLS...
[2026-04-10 16:11:29.947933] Fazendo login como dgiis.ses...
[2026-04-10 16:11:29.960709] Enviando mensagem...
[2026-04-10 16:11:29.976232] E-mail enviado com SUCESSO para HABIANAFELIXFELIX@GMAIL.COM.
[2026-04-10 16:50:36.237363] Trigger detectado: concluido | ID: 212 | Email: ABANEIDECARMO@HOTMAIL.COM | Nome: ABANEIDE CARMO DOS SANTOS
[2026-04-10 16:50:36.238493] Iniciando envio para ABANEIDECARMO@HOTMAIL.COM...
[2026-04-10 16:50:36.239338] Conectando ao host antispamout.ati.pe.gov.br:587...
[2026-04-10 16:50:36.412545] Iniciando STARTTLS...
[2026-04-10 16:50:36.480152] Fazendo login como dgiis.ses...
[2026-04-10 16:50:36.493007] Enviando mensagem...
[2026-04-10 16:50:36.515184] E-mail enviado com SUCESSO para ABANEIDECARMO@HOTMAIL.COM.
[2026-04-10 17:06:38.448418] Trigger detectado: concluido | ID: 216 | Email: ADEMISAUGUSTO@HOTMAIL.COM | Nome: ADEMIS AUGUSTO BEZERRA
[2026-04-10 17:06:38.467064] Iniciando envio para ADEMISAUGUSTO@HOTMAIL.COM...
[2026-04-10 17:06:38.484749] Conectando ao host antispamout.ati.pe.gov.br:587...
[2026-04-10 17:06:38.529378] Iniciando STARTTLS...
[2026-04-10 17:06:38.546199] Fazendo login como dgiis.ses...
[2026-04-10 17:06:38.549611] Enviando mensagem...
[2026-04-10 17:06:38.587496] E-mail enviado com SUCESSO para ADEMISAUGUSTO@HOTMAIL.COM.
[2026-04-10 17:17:12.921746] Trigger detectado: concluido | ID: 218 | Email: None | Nome: ABANEIDE CARMO DOS SANTOS
[2026-04-10 17:27:42.343883] Trigger detectado: concluido | ID: 219 | Email: None | Nome: ABANEIDE CARMO DOS SANTOS
[2026-04-10 17:31:01.164643] Trigger detectado: concluido | ID: 220 | Email: None | Nome: ADEMIS AUGUSTO BEZERRA
[2026-04-10 17:35:14.354592] Trigger detectado: concluido | ID: 221 | Email: None | Nome: ABDIAS PEREIRA DINIZ NETO
[2026-04-10 17:38:32.225166] Trigger detectado: concluido | ID: 222 | Email: None | Nome: ADEMIS AUGUSTO BEZERRA
[2026-04-10 17:42:02.280062] Trigger detectado: concluido | ID: 223 | Email: None | Nome: ABDIAS PEREIRA DINIZ NETO
[2026-04-10 17:47:56.541092] Trigger detectado: concluido | ID: 224 | Email: None | Nome: ADEMIS AUGUSTO BEZERRA
[2026-04-10 17:53:16.932407] Trigger detectado: concluido | ID: 225 | Email: None | Nome: ABANEIDE CARMO DOS SANTOS
[2026-04-10 17:57:12.278575] Trigger detectado: concluido | ID: 226 | Email: None | Nome: ABANEIDE CARMO DOS SANTOS
[2026-04-10 18:00:03.750582] Trigger detectado: concluido | ID: 227 | Email: None | Nome: ABDIAS PEREIRA DINIZ NETO
[2026-04-10 18:05:24.259219] Trigger detectado: concluido | ID: 228 | Email: None | Nome: ABANEIDE CARMO DOS SANTOS
[2026-04-10 18:09:29.130989] Trigger detectado: concluido | ID: 229 | Email: None | Nome: ADEMIS AUGUSTO BEZERRA
[2026-04-10 18:12:36.731630] Trigger detectado: concluido | ID: 230 | Email: None | Nome: ABDIAS PEREIRA DINIZ NETO
[2026-04-10 18:14:53.105000] Trigger detectado: concluido | ID: 231 | Email: ABDIASDINIZ@GMAIL.COM | Nome: ABDIAS PEREIRA DINIZ NETO
[2026-04-10 18:14:53.106385] Iniciando envio para ABDIASDINIZ@GMAIL.COM...
[2026-04-10 18:14:53.107020] Conectando ao host antispamout.ati.pe.gov.br:587...
[2026-04-10 18:14:53.178828] Iniciando STARTTLS...
[2026-04-10 18:14:53.184212] Fazendo login como dgiis.ses...
[2026-04-10 18:14:53.187610] Enviando mensagem...
[2026-04-10 18:14:53.200209] E-mail enviado com SUCESSO para ABDIASDINIZ@GMAIL.COM.
[2026-04-10 18:18:51.440670] Trigger detectado: concluido | ID: 232 | Email: None | Nome: ABANEIDE CARMO DOS SANTOS
[2026-04-10 18:26:29.664119] Trigger detectado: concluido | ID: 233 | Email: None | Nome: ABANEIDE CARMO DOS SANTOS
[2026-04-10 18:28:51.396746] Trigger detectado: concluido | ID: 234 | Email: None | Nome: ADEMIS AUGUSTO BEZERRA
[2026-04-10 18:32:36.723330] Trigger detectado: concluido | ID: 235 | Email: None | Nome: ABDIAS PEREIRA DINIZ NETO
[2026-04-10 18:36:24.390205] Trigger detectado: concluido | ID: 236 | Email: None | Nome: ABIANA FELIX DA SILVA SALES
[2026-04-10 18:54:36.279563] Trigger detectado: concluido | ID: 237 | Email: None | Nome: ADEMIS AUGUSTO BEZERRA
[2026-04-10 19:45:39.733973] Trigger detectado: concluido | ID: 240 | Email: None | Nome: ABANEIDE CARMO DOS SANTOS
[2026-04-10 19:49:00.981301] Trigger detectado: concluido | ID: 241 | Email: None | Nome: ABDIAS PEREIRA DINIZ NETO
[2026-04-10 19:49:43.456948] Trigger detectado: concluido | ID: 242 | Email: ADEMISAUGUSTO@HOTMAIL.COM | Nome: ADEMIS AUGUSTO BEZERRA
[2026-04-10 19:49:43.457536] Iniciando envio para ADEMISAUGUSTO@HOTMAIL.COM...
[2026-04-10 19:49:43.457919] Conectando ao host antispamout.ati.pe.gov.br:587...
[2026-04-10 19:49:43.532757] Iniciando STARTTLS...
[2026-04-10 19:49:43.539736] Fazendo login como dgiis.ses...
[2026-04-10 19:49:43.544009] Enviando mensagem...
[2026-04-10 19:49:43.559449] E-mail enviado com SUCESSO para ADEMISAUGUSTO@HOTMAIL.COM.
[2026-04-10 19:57:08.239104] Trigger detectado: concluido | ID: 243 | Email: None | Nome: ABDIAS PEREIRA DINIZ NETO
[2026-04-10 20:02:24.315973] Trigger detectado: concluido | ID: 244 | Email: None | Nome: ABDIAS PEREIRA DINIZ NETO
[2026-04-10 20:08:29.480278] Trigger detectado: concluido | ID: 245 | Email: None | Nome: ABDIAS PEREIRA DINIZ NETO
[2026-04-10 20:17:09.614192] Trigger detectado: concluido | ID: 246 | Email: None | Nome: ADEMIS AUGUSTO BEZERRA
[2026-04-13 06:46:18.174378] Trigger detectado: concluido | ID: 249 | Email: None | Nome: ABANEIDE CARMO DOS SANTOS
[2026-04-14 11:51:05.970913] Trigger detectado: concluido | ID: 275 | Email: lucas.luna@saude.pe.gov.br | Nome: Lucas Mateus 
[2026-04-14 11:51:05.971709] Iniciando envio para lucas.luna@saude.pe.gov.br...
[2026-04-14 11:51:05.972083] Conectando ao host antispamout.ati.pe.gov.br:587...
[2026-04-14 11:51:06.762670] Iniciando STARTTLS...
[2026-04-14 11:51:06.858397] Fazendo login como dgiis.ses...
[2026-04-14 11:51:06.924460] Enviando mensagem...
[2026-04-14 11:51:07.018293] E-mail enviado com SUCESSO para lucas.luna@saude.pe.gov.br.
[2026-04-14 11:56:33.722642] Trigger detectado: concluido | ID: 276 | Email: lucas.luna@saude.pe.gov.br | Nome: Lucas Mateus 
[2026-04-14 11:56:33.723298] Iniciando envio para lucas.luna@saude.pe.gov.br...
[2026-04-14 11:56:33.723625] Conectando ao host antispamout.ati.pe.gov.br:587...
[2026-04-14 11:56:33.742556] Iniciando STARTTLS...
[2026-04-14 11:56:33.748816] Fazendo login como dgiis.ses...
[2026-04-14 11:56:33.751830] Enviando mensagem...
[2026-04-14 11:56:33.764823] E-mail enviado com SUCESSO para lucas.luna@saude.pe.gov.br.
[2026-04-14 13:36:35.849316] Trigger detectado: concluido | ID: 277 | Email: None | Nome: Lucas Mateus 
[2026-04-14 13:43:56.317440] Trigger detectado: concluido | ID: 278 | Email: lucas.luna@saude.pe.gov.br | Nome: Lucas Mateus 
[2026-04-14 13:43:56.318864] Iniciando envio para lucas.luna@saude.pe.gov.br...
[2026-04-14 13:43:56.319406] Conectando ao host antispamout.ati.pe.gov.br:587...
[2026-04-14 13:43:56.323815] Iniciando STARTTLS...
[2026-04-14 13:43:56.329725] Fazendo login como dgiis.ses...
[2026-04-14 13:43:56.332654] Enviando mensagem...
[2026-04-14 13:43:56.351095] E-mail enviado com SUCESSO para lucas.luna@saude.pe.gov.br.
[2026-04-14 13:52:34.213553] Trigger detectado: concluido | ID: 279 | Email: None | Nome: None
[2026-04-14 13:54:39.336024] Trigger detectado: concluido | ID: 280 | Email: None | Nome: Lucas Mateus 
[2026-04-14 13:57:44.656498] Trigger detectado: concluido | ID: 281 | Email: None | Nome: None
[2026-04-14 15:26:37.209898] Trigger detectado: concluido | ID: 282 | Email: None | Nome: Lucas Mateus 
[2026-04-14 15:30:44.204324] Trigger detectado: concluido | ID: 283 | Email: None | Nome: Lucas Mateus 
[2026-04-14 15:54:03.408168] Trigger detectado: concluido | ID: 289 | Email: None | Nome: Lucas Mateus 
[2026-04-15 11:28:04.646345] Trigger detectado: concluido | ID: 299 | Email: None | Nome: lucas mateus 
[2026-04-15 11:28:50.311921] Trigger detectado: concluido | ID: 300 | Email: None | Nome: lucas mateus 
[2026-04-15 11:33:39.903711] Trigger detectado: concluido | ID: 301 | Email: None | Nome: Daisy Maciel 
[2026-04-15 11:37:40.018366] Trigger detectado: concluido | ID: 302 | Email: None | Nome: gabriel
[2026-04-15 11:55:13.063637] Trigger detectado: concluido | ID: 303 | Email: None | Nome: lucas mateus 
[2026-04-15 14:10:06.865208] Trigger detectado: concluido | ID: 305 | Email: None | Nome: Lucas Mateus 
[2026-04-15 14:10:09.290026] Trigger detectado: concluido | ID: 305 | Email: None | Nome: Lucas Mateus 
[2026-04-15 14:59:51.812907] Trigger detectado: concluido | ID: 308 | Email: None | Nome: Lucas Mateus 
[2026-04-17 13:49:03.860699] Trigger detectado: concluido | ID: 309 | Email: DAVISILVAJACINTO@OUTLOOK.COM | Nome: DAVI JACINTO DA SILVA
[2026-04-17 13:49:03.871013] Iniciando envio para DAVISILVAJACINTO@OUTLOOK.COM...
[2026-04-17 13:49:03.881115] Conectando ao host antispamout.ati.pe.gov.br:587...
[2026-04-17 13:49:03.963250] Iniciando STARTTLS...
[2026-04-17 13:49:03.984524] Fazendo login como dgiis.ses...
[2026-04-17 13:49:03.991750] Enviando mensagem...
[2026-04-17 13:49:04.036897] E-mail enviado com SUCESSO para DAVISILVAJACINTO@OUTLOOK.COM.
[2026-04-17 14:08:50.252233] Trigger detectado: concluido | ID: 310 | Email: MAGLANEMOREIRA@GMAIL.COM | Nome: MAGLANE MOREIRA GONCALVES
[2026-04-17 14:08:50.258722] Iniciando envio para MAGLANEMOREIRA@GMAIL.COM...
[2026-04-17 14:08:50.266327] Conectando ao host antispamout.ati.pe.gov.br:587...
[2026-04-17 14:08:50.274021] Iniciando STARTTLS...
[2026-04-17 14:08:50.301580] Fazendo login como dgiis.ses...
[2026-04-17 14:08:50.320449] Enviando mensagem...
[2026-04-17 14:08:50.357519] E-mail enviado com SUCESSO para MAGLANEMOREIRA@GMAIL.COM.
[2026-04-17 14:55:58.959798] Trigger detectado: concluido | ID: 311 | Email: FABIANA.BACELAR02@HOTMAIL.COM | Nome: FABIANA DE SANTANA BACELAR E SILVA
[2026-04-17 14:55:58.960552] Iniciando envio para FABIANA.BACELAR02@HOTMAIL.COM...
[2026-04-17 14:55:58.960976] Conectando ao host antispamout.ati.pe.gov.br:587...
[2026-04-17 14:55:59.037884] Iniciando STARTTLS...
[2026-04-17 14:55:59.047647] Fazendo login como dgiis.ses...
[2026-04-17 14:55:59.052046] Enviando mensagem...
[2026-04-17 14:55:59.068015] E-mail enviado com SUCESSO para FABIANA.BACELAR02@HOTMAIL.COM.
[2026-04-17 15:49:08.339439] Trigger detectado: concluido | ID: 312 | Email: MARCIAVGS2015@GMAIL.COM | Nome: MARCIA VIRGINIA GONCALVES SOARES
[2026-04-17 15:49:08.340771] Iniciando envio para MARCIAVGS2015@GMAIL.COM...
[2026-04-17 15:49:08.341152] Conectando ao host antispamout.ati.pe.gov.br:587...
[2026-04-17 15:49:08.418510] Iniciando STARTTLS...
[2026-04-17 15:49:08.424503] Fazendo login como dgiis.ses...
[2026-04-17 15:49:08.429873] Enviando mensagem...
[2026-04-17 15:49:08.448482] E-mail enviado com SUCESSO para MARCIAVGS2015@GMAIL.COM.
[2026-04-20 09:32:28.315857] Trigger detectado: concluido | ID: 313 | Email: YOLANDAMONTEIRO76@GMAIL.COM | Nome: YOLANDA MONTEIRO LINS E SILVA
[2026-04-20 09:32:28.316578] Iniciando envio para YOLANDAMONTEIRO76@GMAIL.COM...
[2026-04-20 09:32:28.316979] Conectando ao host antispamout.ati.pe.gov.br:587...
[2026-04-20 09:32:28.398164] Iniciando STARTTLS...
[2026-04-20 09:32:28.419170] Fazendo login como dgiis.ses...
[2026-04-20 09:32:28.435595] Enviando mensagem...
[2026-04-20 09:32:28.466853] E-mail enviado com SUCESSO para YOLANDAMONTEIRO76@GMAIL.COM.
[2026-04-20 10:09:47.450394] Trigger detectado: concluido | ID: 314 | Email: ANA.LACERDA2012@BOL.COM.BR | Nome: ANA KARLA DE SANTANA TORRES LACERDA SANTOS
[2026-04-20 10:09:47.452345] Iniciando envio para ANA.LACERDA2012@BOL.COM.BR...
[2026-04-20 10:09:47.452799] Conectando ao host antispamout.ati.pe.gov.br:587...
[2026-04-20 10:09:47.553353] Iniciando STARTTLS...
[2026-04-20 10:09:47.570526] Fazendo login como dgiis.ses...
[2026-04-20 10:09:47.575936] Enviando mensagem...
[2026-04-20 10:09:47.608749] E-mail enviado com SUCESSO para ANA.LACERDA2012@BOL.COM.BR.
[2026-04-20 13:49:08.787521] Trigger detectado: concluido | ID: 315 | Email: FLORIVALDOJOSE2018@GMAIL.COM | Nome: FLORIVALDO JOSE ALMEIDA SILVA
[2026-04-20 13:49:08.808263] Iniciando envio para FLORIVALDOJOSE2018@GMAIL.COM...
[2026-04-20 13:49:08.832052] Conectando ao host antispamout.ati.pe.gov.br:587...
[2026-04-20 13:49:08.841620] Iniciando STARTTLS...
[2026-04-20 13:49:08.874484] Fazendo login como dgiis.ses...
[2026-04-20 13:49:08.900040] Enviando mensagem...
[2026-04-20 13:49:08.939411] E-mail enviado com SUCESSO para FLORIVALDOJOSE2018@GMAIL.COM.
[2026-04-20 14:27:40.925377] Trigger detectado: concluido | ID: 318 | Email: JANADSG-CCB@HOTMAIL.COM | Nome: JANAINA DOS SANTOS GONCALVES
[2026-04-20 14:27:40.926083] Iniciando envio para JANADSG-CCB@HOTMAIL.COM...
[2026-04-20 14:27:40.926548] Conectando ao host antispamout.ati.pe.gov.br:587...
[2026-04-20 14:27:40.931379] Iniciando STARTTLS...
[2026-04-20 14:27:40.936773] Fazendo login como dgiis.ses...
[2026-04-20 14:27:40.939743] Enviando mensagem...
[2026-04-20 14:27:40.955432] E-mail enviado com SUCESSO para JANADSG-CCB@HOTMAIL.COM.
[2026-04-20 14:42:09.462419] Trigger detectado: concluido | ID: 319 | Email: MARCUS.MONTEIRO1501@GMAIL.COM | Nome: MARCUS ANTONIO MONTEIRO DUARTE
[2026-04-20 14:42:09.463060] Iniciando envio para MARCUS.MONTEIRO1501@GMAIL.COM...
[2026-04-20 14:42:09.463431] Conectando ao host antispamout.ati.pe.gov.br:587...
[2026-04-20 14:42:09.468045] Iniciando STARTTLS...
[2026-04-20 14:42:09.477573] Fazendo login como dgiis.ses...
[2026-04-20 14:42:09.483342] Enviando mensagem...
[2026-04-20 14:42:09.501689] E-mail enviado com SUCESSO para MARCUS.MONTEIRO1501@GMAIL.COM.
[2026-04-20 16:21:55.760768] Trigger detectado: concluido | ID: 320 | Email: FRANCILEIDERAMOS6@GMAIL.COM | Nome: FRANCILEIDE RAMOS FRANCA
[2026-04-20 16:21:55.761406] Iniciando envio para FRANCILEIDERAMOS6@GMAIL.COM...
[2026-04-20 16:21:55.762108] Conectando ao host antispamout.ati.pe.gov.br:587...
[2026-04-20 16:21:55.765715] Iniciando STARTTLS...
[2026-04-20 16:21:55.771537] Fazendo login como dgiis.ses...
[2026-04-20 16:21:55.775389] Enviando mensagem...
[2026-04-20 16:21:55.788111] E-mail enviado com SUCESSO para FRANCILEIDERAMOS6@GMAIL.COM.
[2026-04-22 10:18:13.151533] Trigger detectado: concluido | ID: 326 | Email: YOLANDAMONTEIRO76@GMAIL.COM | Nome: YOLANDA MONTEIRO LINS E SILVA
[2026-04-22 10:18:13.152290] Iniciando envio para YOLANDAMONTEIRO76@GMAIL.COM...
[2026-04-22 10:18:13.152839] Conectando ao host antispamout.ati.pe.gov.br:587...
[2026-04-22 10:18:13.232132] Iniciando STARTTLS...
[2026-04-22 10:18:13.237662] Fazendo login como dgiis.ses...
[2026-04-22 10:18:13.240821] Enviando mensagem...
[2026-04-22 10:18:13.259335] E-mail enviado com SUCESSO para YOLANDAMONTEIRO76@GMAIL.COM.
[2026-04-22 10:54:20.055999] Trigger detectado: concluido | ID: 323 | Email: EUNICERIBEIRODEMELO@HOTMAIL.COM | Nome: EUNICE RIBEIRO DE MELO
[2026-04-22 10:54:20.058193] Iniciando envio para EUNICERIBEIRODEMELO@HOTMAIL.COM...
[2026-04-22 10:54:20.058882] Conectando ao host antispamout.ati.pe.gov.br:587...
[2026-04-22 10:54:20.116018] Iniciando STARTTLS...
[2026-04-22 10:54:20.200955] Fazendo login como dgiis.ses...
[2026-04-22 10:54:20.303160] Enviando mensagem...
[2026-04-22 10:54:20.330793] E-mail enviado com SUCESSO para EUNICERIBEIRODEMELO@HOTMAIL.COM.
[2026-04-22 11:27:03.373139] Trigger detectado: concluido | ID: 324 | Email: SILVANABENEDITASILVA@HOTMAIL.COM | Nome: SILVANA BENEDITA DA SILVA MUNIZ
[2026-04-22 11:27:03.374332] Iniciando envio para SILVANABENEDITASILVA@HOTMAIL.COM...
[2026-04-22 11:27:03.374890] Conectando ao host antispamout.ati.pe.gov.br:587...
[2026-04-22 11:27:03.416647] Iniciando STARTTLS...
[2026-04-22 11:27:03.423309] Fazendo login como dgiis.ses...
[2026-04-22 11:27:03.428347] Enviando mensagem...
[2026-04-22 11:27:03.442919] E-mail enviado com SUCESSO para SILVANABENEDITASILVA@HOTMAIL.COM.
[2026-04-22 11:36:37.206156] Trigger detectado: concluido | ID: 321 | Email: DIONEENFA1962@GMAIL.COM | Nome: DIONE FERREIRA DE MOURA
[2026-04-22 11:36:37.206878] Iniciando envio para DIONEENFA1962@GMAIL.COM...
[2026-04-22 11:36:37.207283] Conectando ao host antispamout.ati.pe.gov.br:587...
[2026-04-22 11:36:37.213193] Iniciando STARTTLS...
[2026-04-22 11:36:37.221281] Fazendo login como dgiis.ses...
[2026-04-22 11:36:37.226707] Enviando mensagem...
[2026-04-22 11:36:37.240786] E-mail enviado com SUCESSO para DIONEENFA1962@GMAIL.COM.
[2026-04-22 13:54:02.560415] Trigger detectado: concluido | ID: 328 | Email: hugo.lazzaro@gmail.com | Nome: JAIME HOROWITZ
[2026-04-22 13:54:02.561935] Iniciando envio para hugo.lazzaro@gmail.com...
[2026-04-22 13:54:02.562551] Conectando ao host antispamout.ati.pe.gov.br:587...
[2026-04-22 13:54:02.648458] Iniciando STARTTLS...
[2026-04-22 13:54:02.654172] Fazendo login como dgiis.ses...
[2026-04-22 13:54:02.659921] Enviando mensagem...
[2026-04-22 13:54:02.673535] E-mail enviado com SUCESSO para hugo.lazzaro@gmail.com.
[2026-04-22 14:37:08.781552] Trigger detectado: concluido | ID: 329 | Email: Milenapereirads901@gmail.com | Nome: MILENA PEREIRA DE SANTANA
[2026-04-22 14:37:08.782951] Iniciando envio para Milenapereirads901@gmail.com...
[2026-04-22 14:37:08.783301] Conectando ao host antispamout.ati.pe.gov.br:587...
[2026-04-22 14:37:09.095774] Iniciando STARTTLS...
[2026-04-22 14:37:09.390671] Fazendo login como dgiis.ses...
[2026-04-22 14:37:09.679876] Enviando mensagem...
[2026-04-22 14:37:10.087018] E-mail enviado com SUCESSO para Milenapereirads901@gmail.com.
[2026-04-22 14:46:05.032654] Trigger detectado: concluido | ID: 330 | Email: IZABELLUIZA.M@GMAIL.COM | Nome: IZABEL LUIZA DE MORAIS
[2026-04-22 14:46:05.033365] Iniciando envio para IZABELLUIZA.M@GMAIL.COM...
[2026-04-22 14:46:05.033811] Conectando ao host antispamout.ati.pe.gov.br:587...
[2026-04-22 14:46:05.040312] Iniciando STARTTLS...
[2026-04-22 14:46:05.045504] Fazendo login como dgiis.ses...
[2026-04-22 14:46:05.048610] Enviando mensagem...
[2026-04-22 14:46:05.065528] E-mail enviado com SUCESSO para IZABELLUIZA.M@GMAIL.COM.
[2026-04-22 15:12:13.857537] Trigger detectado: concluido | ID: 331 | Email: rosianemarquesdesantana@gmail.com | Nome: ROSIANE MARQUES DE SANTANA FREITAS
[2026-04-22 15:12:13.858928] Iniciando envio para rosianemarquesdesantana@gmail.com...
[2026-04-22 15:12:13.859380] Conectando ao host antispamout.ati.pe.gov.br:587...
[2026-04-22 15:12:13.970409] Iniciando STARTTLS...
[2026-04-22 15:12:13.988028] Fazendo login como dgiis.ses...
[2026-04-22 15:12:13.995719] Enviando mensagem...
[2026-04-22 15:12:14.017941] E-mail enviado com SUCESSO para rosianemarquesdesantana@gmail.com.
[2026-04-22 15:48:22.422399] Trigger detectado: concluido | ID: 332 | Email: RILDO1956@HOTMAIL.COM | Nome: RILDO PEREIRA DE ALMEIDA
[2026-04-22 15:48:22.437314] Iniciando envio para RILDO1956@HOTMAIL.COM...
[2026-04-22 15:48:22.459178] Conectando ao host antispamout.ati.pe.gov.br:587...
[2026-04-22 15:48:22.540371] Iniciando STARTTLS...
[2026-04-22 15:48:22.566375] Fazendo login como dgiis.ses...
[2026-04-22 15:48:22.571807] Enviando mensagem...
[2026-04-22 15:48:22.616417] E-mail enviado com SUCESSO para RILDO1956@HOTMAIL.COM.
[2026-04-22 16:06:50.807347] Trigger detectado: concluido | ID: 333 | Email: MSLSJR@HOTMAIL.COM | Nome: MILTON DE SOUZA LEAO SANTOS JUNIOR
[2026-04-22 16:06:50.811894] Iniciando envio para MSLSJR@HOTMAIL.COM...
[2026-04-22 16:06:50.813868] Conectando ao host antispamout.ati.pe.gov.br:587...
[2026-04-22 16:06:50.898952] Iniciando STARTTLS...
[2026-04-22 16:06:50.906101] Fazendo login como dgiis.ses...
[2026-04-22 16:06:50.909422] Enviando mensagem...
[2026-04-22 16:06:50.922438] E-mail enviado com SUCESSO para MSLSJR@HOTMAIL.COM.
[2026-04-22 16:23:57.245477] Trigger detectado: concluido | ID: 334 | Email: None | Nome: MARIA CELIA PINTO NOBRE
[2026-04-22 16:47:20.286067] Trigger detectado: concluido | ID: 335 | Email: MSFREIIRE@GMAIL.COM | Nome: MARIA DO SOCORRO FREIRE
[2026-04-22 16:47:20.286795] Iniciando envio para MSFREIIRE@GMAIL.COM...
[2026-04-22 16:47:20.287179] Conectando ao host antispamout.ati.pe.gov.br:587...
[2026-04-22 16:47:20.292557] Iniciando STARTTLS...
[2026-04-22 16:47:20.300690] Fazendo login como dgiis.ses...
[2026-04-22 16:47:20.307674] Enviando mensagem...
[2026-04-22 16:47:20.324049] E-mail enviado com SUCESSO para MSFREIIRE@GMAIL.COM.
[2026-04-23 10:54:37.516986] Trigger detectado: concluido | ID: 339 | Email: FLORIVALDOJOSE2018@GMAIL.COM | Nome: FLORIVALDO JOSE ALMEIDA SILVA
[2026-04-23 10:54:37.518121] Iniciando envio para FLORIVALDOJOSE2018@GMAIL.COM...
[2026-04-23 10:54:37.518811] Conectando ao host antispamout.ati.pe.gov.br:587...
[2026-04-23 10:54:37.523829] Iniciando STARTTLS...
[2026-04-23 10:54:37.535152] Fazendo login como dgiis.ses...
[2026-04-23 10:54:37.545101] Enviando mensagem...
[2026-04-23 10:54:37.560385] E-mail enviado com SUCESSO para FLORIVALDOJOSE2018@GMAIL.COM.
[2026-04-23 11:39:47.375638] Trigger detectado: concluido | ID: 340 | Email: None | Nome: Lucas Mateus 
[2026-04-23 13:32:45.239613] Trigger detectado: concluido | ID: 342 | Email: MARI.CERESTAL@GMAIL.COM | Nome: MARINALVA NUNES DE SOUZA DE CARVALHO MANICOBA
[2026-04-23 13:32:45.241183] Iniciando envio para MARI.CERESTAL@GMAIL.COM...
[2026-04-23 13:32:45.241578] Conectando ao host antispamout.ati.pe.gov.br:587...
[2026-04-23 13:32:45.254946] Iniciando STARTTLS...
[2026-04-23 13:32:45.274994] Fazendo login como dgiis.ses...
[2026-04-23 13:32:45.282555] Enviando mensagem...
[2026-04-23 13:32:45.297492] E-mail enviado com SUCESSO para MARI.CERESTAL@GMAIL.COM.
[2026-04-23 14:50:11.215478] Trigger detectado: concluido | ID: 344 | Email: DrajessicaCD@gmail.com | Nome: JESSICA PEREIRA DE AS FONTES
[2026-04-23 14:50:11.218689] Iniciando envio para DrajessicaCD@gmail.com...
[2026-04-23 14:50:11.219088] Conectando ao host antispamout.ati.pe.gov.br:587...
[2026-04-23 14:50:11.365058] Iniciando STARTTLS...
[2026-04-23 14:50:11.525888] Fazendo login como dgiis.ses...
[2026-04-23 14:50:11.650117] Enviando mensagem...
[2026-04-23 14:50:11.861803] E-mail enviado com SUCESSO para DrajessicaCD@gmail.com.
[2026-04-23 15:53:11.629970] Trigger detectado: concluido | ID: 338 | Email: None | Nome: KÁTIA CRISTINA DOS SANTOS DUQUE
[2026-04-23 16:30:53.803387] Trigger detectado: concluido | ID: 345 | Email: fatimademenezes8849@gmail.com | Nome: MARIA DE FÁTIMA MENEZES DE ARAUJO
[2026-04-23 16:30:53.804893] Iniciando envio para fatimademenezes8849@gmail.com...
[2026-04-23 16:30:53.805437] Conectando ao host antispamout.ati.pe.gov.br:587...
[2026-04-23 16:30:53.810387] Iniciando STARTTLS...
[2026-04-23 16:30:53.817730] Fazendo login como dgiis.ses...
[2026-04-23 16:30:53.821810] Enviando mensagem...
[2026-04-23 16:30:53.835063] E-mail enviado com SUCESSO para fatimademenezes8849@gmail.com.
[2026-04-23 16:36:07.159582] Trigger detectado: concluido | ID: 346 | Email: JOSEMARCELINOBANDIM@GMAIL.COM | Nome: JOSE MARCELINO BANDIM
[2026-04-23 16:36:07.160250] Iniciando envio para JOSEMARCELINOBANDIM@GMAIL.COM...
[2026-04-23 16:36:07.160760] Conectando ao host antispamout.ati.pe.gov.br:587...
[2026-04-23 16:36:07.164998] Iniciando STARTTLS...
[2026-04-23 16:36:07.186322] Fazendo login como dgiis.ses...
[2026-04-23 16:36:07.197059] Enviando mensagem...
[2026-04-23 16:36:07.224356] E-mail enviado com SUCESSO para JOSEMARCELINOBANDIM@GMAIL.COM.
[2026-04-23 16:43:33.282421] Trigger detectado: concluido | ID: 347 | Email: DENIZE.MELO@SEDEPE.PE.GOV.BR | Nome: DENIZE CABRAL GOMES MELO
[2026-04-23 16:43:33.282994] Iniciando envio para DENIZE.MELO@SEDEPE.PE.GOV.BR...
[2026-04-23 16:43:33.283320] Conectando ao host antispamout.ati.pe.gov.br:587...
[2026-04-23 16:43:33.291694] Iniciando STARTTLS...
[2026-04-23 16:43:33.296748] Fazendo login como dgiis.ses...
[2026-04-23 16:43:33.302238] Enviando mensagem...
[2026-04-23 16:43:33.314688] E-mail enviado com SUCESSO para DENIZE.MELO@SEDEPE.PE.GOV.BR.
[2026-04-23 16:49:52.350873] Trigger detectado: concluido | ID: 348 | Email: SEBASTIANA.MONTEIRO80970@GMAIL.COM | Nome: SEBASTIANA ALVES MONTEIRO
[2026-04-23 16:49:52.351433] Iniciando envio para SEBASTIANA.MONTEIRO80970@GMAIL.COM...
[2026-04-23 16:49:52.351776] Conectando ao host antispamout.ati.pe.gov.br:587...
[2026-04-23 16:49:52.450002] Iniciando STARTTLS...
[2026-04-23 16:49:52.455381] Fazendo login como dgiis.ses...
[2026-04-23 16:49:52.460118] Enviando mensagem...
[2026-04-23 16:49:52.482636] E-mail enviado com SUCESSO para SEBASTIANA.MONTEIRO80970@GMAIL.COM.
[2026-04-28 10:48:51.332147] Trigger detectado: concluido | ID: 363 | Email: simonenegromente@yahoo.com.br | Nome: SIMONE MELO NEGROMONTE 
[2026-04-28 10:48:51.333896] Iniciando envio para simonenegromente@yahoo.com.br...
[2026-04-28 10:48:51.334471] Conectando ao host antispamout.ati.pe.gov.br:587...
[2026-04-28 10:48:51.412928] Iniciando STARTTLS...
[2026-04-28 10:48:51.419978] Fazendo login como dgiis.ses...
[2026-04-28 10:48:51.425343] Enviando mensagem...
[2026-04-28 10:48:51.438855] E-mail enviado com SUCESSO para simonenegromente@yahoo.com.br.
[2026-04-28 11:09:52.572534] Trigger detectado: concluido | ID: 364 | Email: alicia.milena83@gmail.com | Nome: ALICEA MILENA BARBOSA ALVES
[2026-04-28 11:09:52.573869] Iniciando envio para alicia.milena83@gmail.com...
[2026-04-28 11:09:52.574270] Conectando ao host antispamout.ati.pe.gov.br:587...
[2026-04-28 11:09:52.654859] Iniciando STARTTLS...
[2026-04-28 11:09:52.661254] Fazendo login como dgiis.ses...
[2026-04-28 11:09:52.665885] Enviando mensagem...
[2026-04-28 11:09:52.680409] E-mail enviado com SUCESSO para alicia.milena83@gmail.com.
[2026-04-28 11:16:43.542259] Trigger detectado: concluido | ID: 365 | Email: atendimento@ramorim.com | Nome:  PAULO ROBERTO PINTO FERREIRA
[2026-04-28 11:16:43.543053] Iniciando envio para atendimento@ramorim.com...
[2026-04-28 11:16:43.543636] Conectando ao host antispamout.ati.pe.gov.br:587...
[2026-04-28 11:16:43.548910] Iniciando STARTTLS...
[2026-04-28 11:16:43.554033] Fazendo login como dgiis.ses...
[2026-04-28 11:16:43.557522] Enviando mensagem...
[2026-04-28 11:16:44.101720] E-mail enviado com SUCESSO para atendimento@ramorim.com.
